[0m20:14:30.310949 [debug] [MainThread]: Sending event: {'category': 'dbt', 'action': 'invocation', 'label': 'start', 'context': [<snowplow_tracker.self_describing_json.SelfDescribingJson object at 0x1097e11c0>, <snowplow_tracker.self_describing_json.SelfDescribingJson object at 0x10c455430>, <snowplow_tracker.self_describing_json.SelfDescribingJson object at 0x10c4553a0>]}


============================== 20:14:30.314841 | a2ca3658-3f4e-4171-99fe-63a76b9e8483 ==============================
[0m20:14:30.314841 [info ] [MainThread]: Running with dbt=1.11.7
[0m20:14:30.315237 [debug] [MainThread]: running dbt with arguments {'log_cache_events': 'False', 'profiles_dir': '/Users/stefano/.dbt', 'target_path': 'None', 'warn_error_options': 'WarnErrorOptionsV2(error=[], warn=[], silence=[])', 'introspect': 'True', 'version_check': 'True', 'write_json': 'True', 'use_experimental_parser': 'False', 'invocation_command': 'dbt init happiness_project', 'debug': 'False', 'warn_error': 'None', 'empty': 'None', 'indirect_selection': 'eager', 'static_parser': 'True', 'log_path': 'logs', 'quiet': 'False', 'use_colors': 'True', 'cache_selected_only': 'False', 'log_format': 'default', 'printer_width': '80', 'fail_fast': 'False', 'no_print': 'None', 'partial_parse': 'True', 'send_anonymous_usage_stats': 'True'}
[0m20:14:30.324995 [info ] [MainThread]: Creating dbt configuration folder at /Users/stefano/.dbt
[0m20:14:30.325998 [debug] [MainThread]: Starter project path: /Users/stefano/.pyenv/versions/3.12.13/lib/python3.12/site-packages/dbt/include/starter_project
[0m20:14:30.329739 [info ] [MainThread]: 
Your new dbt project "happiness_project" was created!

For more information on how to configure the profiles.yml file,
please consult the dbt documentation here:

  https://docs.getdbt.com/docs/configure-your-profile

One more thing:

Need help? Don't hesitate to reach out to us via GitHub issues or on Slack:

  https://community.getdbt.com/

Happy modeling!

[0m20:14:30.330210 [info ] [MainThread]: Setting up your profile.
[0m20:15:04.136276 [info ] [MainThread]: Profile happiness_project written to /Users/stefano/.dbt/profiles.yml using target's sample configuration. Once updated, you'll be able to start developing with dbt.
[0m20:15:04.527983 [debug] [MainThread]: Resource report: {"command_name": "init", "command_success": true, "command_wall_clock_time": 34.26395, "process_in_blocks": "0", "process_kernel_time": 0.133252, "process_mem_max_rss": "127451136", "process_out_blocks": "0", "process_user_time": 0.856175}
[0m20:15:04.529051 [debug] [MainThread]: Command `dbt init` succeeded at 20:15:04.528865 after 34.27 seconds
[0m20:15:04.529756 [debug] [MainThread]: Sending event: {'category': 'dbt', 'action': 'invocation', 'label': 'end', 'context': [<snowplow_tracker.self_describing_json.SelfDescribingJson object at 0x1097e11c0>, <snowplow_tracker.self_describing_json.SelfDescribingJson object at 0x10ce85280>, <snowplow_tracker.self_describing_json.SelfDescribingJson object at 0x10d2777d0>]}
[0m20:15:04.530394 [debug] [MainThread]: Flushing usage events
[0m20:15:05.138225 [debug] [MainThread]: An error was encountered while trying to flush usage events
[0m15:39:58.005217 [debug] [MainThread]: Sending event: {'category': 'dbt', 'action': 'invocation', 'label': 'start', 'context': [<snowplow_tracker.self_describing_json.SelfDescribingJson object at 0x108195820>, <snowplow_tracker.self_describing_json.SelfDescribingJson object at 0x10a925490>, <snowplow_tracker.self_describing_json.SelfDescribingJson object at 0x10a925400>]}


============================== 15:39:58.008864 | e90903e9-13d4-43ab-8dfe-5dd8d1bcf7ef ==============================
[0m15:39:58.008864 [info ] [MainThread]: Running with dbt=1.11.7
[0m15:39:58.009218 [debug] [MainThread]: running dbt with arguments {'partial_parse': 'True', 'fail_fast': 'False', 'indirect_selection': 'eager', 'write_json': 'True', 'static_parser': 'True', 'printer_width': '80', 'no_print': 'None', 'empty': 'None', 'quiet': 'False', 'introspect': 'True', 'log_path': 'logs', 'log_format': 'default', 'profiles_dir': '/Users/stefano/.dbt', 'send_anonymous_usage_stats': 'True', 'use_colors': 'True', 'invocation_command': 'dbt debug', 'warn_error_options': 'WarnErrorOptionsV2(error=[], warn=[], silence=[])', 'log_cache_events': 'False', 'cache_selected_only': 'False', 'use_experimental_parser': 'False', 'version_check': 'True', 'warn_error': 'None', 'target_path': 'None', 'debug': 'False'}
[0m15:39:58.019694 [info ] [MainThread]: dbt version: 1.11.7
[0m15:39:58.020010 [info ] [MainThread]: python version: 3.12.13
[0m15:39:58.020177 [info ] [MainThread]: python path: /Users/stefano/.pyenv/versions/3.12.13/bin/python3.12
[0m15:39:58.020335 [info ] [MainThread]: os info: macOS-26.3.1-arm64-arm-64bit
[0m15:39:58.148504 [info ] [MainThread]: Using profiles dir at /Users/stefano/.dbt
[0m15:39:58.148805 [info ] [MainThread]: Using profiles.yml file at /Users/stefano/.dbt/profiles.yml
[0m15:39:58.148979 [info ] [MainThread]: Using dbt_project.yml file at /Users/stefano/de-portfolio/phase2/dbt_project.yml
[0m15:39:58.150237 [info ] [MainThread]: adapter type: duckdb
[0m15:39:58.150451 [info ] [MainThread]: adapter version: 1.10.1
[0m15:39:58.150639 [info ] [MainThread]: Configuration:
[0m15:39:58.150796 [info ] [MainThread]:   profiles.yml file [[32mOK found and valid[0m]
[0m15:39:58.150942 [info ] [MainThread]:   dbt_project.yml file [[31mERROR not found[0m]
[0m15:39:58.151085 [info ] [MainThread]: Required dependencies:
[0m15:39:58.151279 [debug] [MainThread]: Executing "git --help"
[0m15:39:58.171945 [debug] [MainThread]: STDOUT: "b"usage: git [-v | --version] [-h | --help] [-C <path>] [-c <name>=<value>]\n           [--exec-path[=<path>]] [--html-path] [--man-path] [--info-path]\n           [-p | --paginate | -P | --no-pager] [--no-replace-objects] [--bare]\n           [--git-dir=<path>] [--work-tree=<path>] [--namespace=<name>]\n           [--super-prefix=<path>] [--config-env=<name>=<envvar>]\n           <command> [<args>]\n\nThese are common Git commands used in various situations:\n\nstart a working area (see also: git help tutorial)\n   clone     Clone a repository into a new directory\n   init      Create an empty Git repository or reinitialize an existing one\n\nwork on the current change (see also: git help everyday)\n   add       Add file contents to the index\n   mv        Move or rename a file, a directory, or a symlink\n   restore   Restore working tree files\n   rm        Remove files from the working tree and from the index\n\nexamine the history and state (see also: git help revisions)\n   bisect    Use binary search to find the commit that introduced a bug\n   diff      Show changes between commits, commit and working tree, etc\n   grep      Print lines matching a pattern\n   log       Show commit logs\n   show      Show various types of objects\n   status    Show the working tree status\n\ngrow, mark and tweak your common history\n   branch    List, create, or delete branches\n   commit    Record changes to the repository\n   merge     Join two or more development histories together\n   rebase    Reapply commits on top of another base tip\n   reset     Reset current HEAD to the specified state\n   switch    Switch branches\n   tag       Create, list, delete or verify a tag object signed with GPG\n\ncollaborate (see also: git help workflows)\n   fetch     Download objects and refs from another repository\n   pull      Fetch from and integrate with another repository or a local branch\n   push      Update remote refs along with associated objects\n\n'git help -a' and 'git help -g' list available subcommands and some\nconcept guides. See 'git help <command>' or 'git help <concept>'\nto read about a specific subcommand or concept.\nSee 'git help git' for an overview of the system.\n""
[0m15:39:58.172480 [debug] [MainThread]: STDERR: "b''"
[0m15:39:58.172678 [info ] [MainThread]:  - git [[32mOK found[0m]

[0m15:39:58.172865 [info ] [MainThread]: Connection:
[0m15:39:58.173050 [info ] [MainThread]:   database: dev
[0m15:39:58.173225 [info ] [MainThread]:   schema: main
[0m15:39:58.173435 [info ] [MainThread]:   path: dev.duckdb
[0m15:39:58.173612 [info ] [MainThread]:   config_options: None
[0m15:39:58.173853 [info ] [MainThread]:   extensions: None
[0m15:39:58.174019 [info ] [MainThread]:   settings: {}
[0m15:39:58.174170 [info ] [MainThread]:   external_root: .
[0m15:39:58.174313 [info ] [MainThread]:   use_credential_provider: None
[0m15:39:58.174455 [info ] [MainThread]:   attach: None
[0m15:39:58.174593 [info ] [MainThread]:   filesystems: None
[0m15:39:58.174731 [info ] [MainThread]:   remote: None
[0m15:39:58.174869 [info ] [MainThread]:   plugins: None
[0m15:39:58.175007 [info ] [MainThread]:   disable_transactions: False
[0m15:39:58.175369 [info ] [MainThread]: Registered adapter: duckdb=1.10.1
[0m15:39:58.761760 [debug] [MainThread]: Acquiring new duckdb connection 'debug'
[0m15:39:58.801173 [debug] [MainThread]: Using duckdb connection "debug"
[0m15:39:58.801423 [debug] [MainThread]: On debug: select 1 as id
[0m15:39:58.801585 [debug] [MainThread]: Opening a new connection, currently in state init
[0m15:39:58.812476 [debug] [MainThread]: SQL status: OK in 0.011 seconds
[0m15:39:58.813080 [debug] [MainThread]: On debug: Close
[0m15:39:58.813462 [info ] [MainThread]:   Connection test: [[32mOK connection ok[0m]

[0m15:39:58.813662 [info ] [MainThread]: [31m1 check failed:[0m
[0m15:39:58.813819 [info ] [MainThread]: Project loading failed for the following reason:
 project path </Users/stefano/de-portfolio/phase2/dbt_project.yml> not found

[0m15:39:58.817103 [debug] [MainThread]: Resource report: {"command_name": "debug", "command_success": false, "command_wall_clock_time": 0.85665655, "process_in_blocks": "0", "process_kernel_time": 0.228811, "process_mem_max_rss": "137461760", "process_out_blocks": "0", "process_user_time": 0.940698}
[0m15:39:58.817398 [debug] [MainThread]: Command `dbt debug` failed at 15:39:58.817341 after 0.86 seconds
[0m15:39:58.817606 [debug] [MainThread]: Connection 'debug' was properly closed.
[0m15:39:58.817811 [debug] [MainThread]: Sending event: {'category': 'dbt', 'action': 'invocation', 'label': 'end', 'context': [<snowplow_tracker.self_describing_json.SelfDescribingJson object at 0x10ae96330>, <snowplow_tracker.self_describing_json.SelfDescribingJson object at 0x10b713ef0>, <snowplow_tracker.self_describing_json.SelfDescribingJson object at 0x10b6ba0c0>]}
[0m15:39:58.818048 [debug] [MainThread]: Flushing usage events
[0m15:39:59.421875 [debug] [MainThread]: An error was encountered while trying to flush usage events
[0m15:40:24.173039 [debug] [MainThread]: Sending event: {'category': 'dbt', 'action': 'invocation', 'label': 'start', 'context': [<snowplow_tracker.self_describing_json.SelfDescribingJson object at 0x10d0c2870>, <snowplow_tracker.self_describing_json.SelfDescribingJson object at 0x10c5993d0>, <snowplow_tracker.self_describing_json.SelfDescribingJson object at 0x10c5992e0>]}


============================== 15:40:24.175844 | cc0ad14b-d400-4dd6-ab8d-a0a3ae07d18c ==============================
[0m15:40:24.175844 [info ] [MainThread]: Running with dbt=1.11.7
[0m15:40:24.176221 [debug] [MainThread]: running dbt with arguments {'log_cache_events': 'False', 'quiet': 'False', 'printer_width': '80', 'debug': 'False', 'log_path': 'logs', 'warn_error': 'None', 'use_experimental_parser': 'False', 'invocation_command': 'dbt debug', 'introspect': 'True', 'fail_fast': 'False', 'indirect_selection': 'eager', 'log_format': 'default', 'version_check': 'True', 'write_json': 'True', 'partial_parse': 'True', 'no_print': 'None', 'empty': 'None', 'send_anonymous_usage_stats': 'True', 'cache_selected_only': 'False', 'profiles_dir': '/Users/stefano/.dbt', 'static_parser': 'True', 'warn_error_options': 'WarnErrorOptionsV2(error=[], warn=[], silence=[])', 'use_colors': 'True', 'target_path': 'None'}
[0m15:40:24.182288 [info ] [MainThread]: dbt version: 1.11.7
[0m15:40:24.182551 [info ] [MainThread]: python version: 3.12.13
[0m15:40:24.182807 [info ] [MainThread]: python path: /Users/stefano/.pyenv/versions/3.12.13/bin/python3.12
[0m15:40:24.183072 [info ] [MainThread]: os info: macOS-26.3.1-arm64-arm-64bit
[0m15:40:24.241435 [info ] [MainThread]: Using profiles dir at /Users/stefano/.dbt
[0m15:40:24.241731 [info ] [MainThread]: Using profiles.yml file at /Users/stefano/.dbt/profiles.yml
[0m15:40:24.241895 [info ] [MainThread]: Using dbt_project.yml file at /Users/stefano/de-portfolio/phase2/dbt_project.yml
[0m15:40:24.242765 [info ] [MainThread]: adapter type: duckdb
[0m15:40:24.242932 [info ] [MainThread]: adapter version: 1.10.1
[0m15:40:24.243090 [info ] [MainThread]: Configuration:
[0m15:40:24.243232 [info ] [MainThread]:   profiles.yml file [[32mOK found and valid[0m]
[0m15:40:24.243369 [info ] [MainThread]:   dbt_project.yml file [[31mERROR not found[0m]
[0m15:40:24.243504 [info ] [MainThread]: Required dependencies:
[0m15:40:24.243682 [debug] [MainThread]: Executing "git --help"
[0m15:40:24.263466 [debug] [MainThread]: STDOUT: "b"usage: git [-v | --version] [-h | --help] [-C <path>] [-c <name>=<value>]\n           [--exec-path[=<path>]] [--html-path] [--man-path] [--info-path]\n           [-p | --paginate | -P | --no-pager] [--no-replace-objects] [--bare]\n           [--git-dir=<path>] [--work-tree=<path>] [--namespace=<name>]\n           [--super-prefix=<path>] [--config-env=<name>=<envvar>]\n           <command> [<args>]\n\nThese are common Git commands used in various situations:\n\nstart a working area (see also: git help tutorial)\n   clone     Clone a repository into a new directory\n   init      Create an empty Git repository or reinitialize an existing one\n\nwork on the current change (see also: git help everyday)\n   add       Add file contents to the index\n   mv        Move or rename a file, a directory, or a symlink\n   restore   Restore working tree files\n   rm        Remove files from the working tree and from the index\n\nexamine the history and state (see also: git help revisions)\n   bisect    Use binary search to find the commit that introduced a bug\n   diff      Show changes between commits, commit and working tree, etc\n   grep      Print lines matching a pattern\n   log       Show commit logs\n   show      Show various types of objects\n   status    Show the working tree status\n\ngrow, mark and tweak your common history\n   branch    List, create, or delete branches\n   commit    Record changes to the repository\n   merge     Join two or more development histories together\n   rebase    Reapply commits on top of another base tip\n   reset     Reset current HEAD to the specified state\n   switch    Switch branches\n   tag       Create, list, delete or verify a tag object signed with GPG\n\ncollaborate (see also: git help workflows)\n   fetch     Download objects and refs from another repository\n   pull      Fetch from and integrate with another repository or a local branch\n   push      Update remote refs along with associated objects\n\n'git help -a' and 'git help -g' list available subcommands and some\nconcept guides. See 'git help <command>' or 'git help <concept>'\nto read about a specific subcommand or concept.\nSee 'git help git' for an overview of the system.\n""
[0m15:40:24.263984 [debug] [MainThread]: STDERR: "b''"
[0m15:40:24.264174 [info ] [MainThread]:  - git [[32mOK found[0m]

[0m15:40:24.264354 [info ] [MainThread]: Connection:
[0m15:40:24.264554 [info ] [MainThread]:   database: dev
[0m15:40:24.264698 [info ] [MainThread]:   schema: main
[0m15:40:24.264837 [info ] [MainThread]:   path: dev.duckdb
[0m15:40:24.264974 [info ] [MainThread]:   config_options: None
[0m15:40:24.265107 [info ] [MainThread]:   extensions: None
[0m15:40:24.265242 [info ] [MainThread]:   settings: {}
[0m15:40:24.265378 [info ] [MainThread]:   external_root: .
[0m15:40:24.265509 [info ] [MainThread]:   use_credential_provider: None
[0m15:40:24.265642 [info ] [MainThread]:   attach: None
[0m15:40:24.265774 [info ] [MainThread]:   filesystems: None
[0m15:40:24.265903 [info ] [MainThread]:   remote: None
[0m15:40:24.266037 [info ] [MainThread]:   plugins: None
[0m15:40:24.266169 [info ] [MainThread]:   disable_transactions: False
[0m15:40:24.266489 [info ] [MainThread]: Registered adapter: duckdb=1.10.1
[0m15:40:24.319024 [debug] [MainThread]: Acquiring new duckdb connection 'debug'
[0m15:40:24.344180 [debug] [MainThread]: Using duckdb connection "debug"
[0m15:40:24.344432 [debug] [MainThread]: On debug: select 1 as id
[0m15:40:24.344591 [debug] [MainThread]: Opening a new connection, currently in state init
[0m15:40:24.350660 [debug] [MainThread]: SQL status: OK in 0.006 seconds
[0m15:40:24.351202 [debug] [MainThread]: On debug: Close
[0m15:40:24.351395 [info ] [MainThread]:   Connection test: [[32mOK connection ok[0m]

[0m15:40:24.351577 [info ] [MainThread]: [31m1 check failed:[0m
[0m15:40:24.351727 [info ] [MainThread]: Project loading failed for the following reason:
 project path </Users/stefano/de-portfolio/phase2/dbt_project.yml> not found

[0m15:40:24.353099 [debug] [MainThread]: Resource report: {"command_name": "debug", "command_success": false, "command_wall_clock_time": 0.22175029, "process_in_blocks": "0", "process_kernel_time": 0.152709, "process_mem_max_rss": "137166848", "process_out_blocks": "0", "process_user_time": 0.884459}
[0m15:40:24.353351 [debug] [MainThread]: Command `dbt debug` failed at 15:40:24.353303 after 0.22 seconds
[0m15:40:24.353532 [debug] [MainThread]: Connection 'debug' was properly closed.
[0m15:40:24.353723 [debug] [MainThread]: Sending event: {'category': 'dbt', 'action': 'invocation', 'label': 'end', 'context': [<snowplow_tracker.self_describing_json.SelfDescribingJson object at 0x10d0c2870>, <snowplow_tracker.self_describing_json.SelfDescribingJson object at 0x10d498b30>, <snowplow_tracker.self_describing_json.SelfDescribingJson object at 0x10c5993d0>]}
[0m15:40:24.353945 [debug] [MainThread]: Flushing usage events
[0m15:40:24.851614 [debug] [MainThread]: An error was encountered while trying to flush usage events
